<?xml version="1.0" encoding="UTF-8"?>
<testsuite xmlns:xsi="http://www.w3.org/2001/XMLSchema-instance" xsi:noNamespaceSchemaLocation="https://maven.apache.org/surefire/maven-surefire-plugin/xsd/surefire-test-report.xsd" name="com.jp.lnsoft.JSONtoExcel.AppTest" time="0.102" tests="1" errors="0" skipped="0" failures="0">
  <properties>
    <property name="java.specification.version" value="17"/>
    <property name="sun.jnu.encoding" value="UTF-8"/>
    <property name="java.class.path" value="/home/jprakash/eclipse-workspace/java-projects/JSON to Excel converter/JSONtoExcel/target/test-classes:/home/jprakash/eclipse-workspace/java-projects/JSON to Excel converter/JSONtoExcel/target/classes:/home/jprakash/.m2/repository/junit/junit/4.11/junit-4.11.jar:/home/jprakash/.m2/repository/org/hamcrest/hamcrest-core/1.3/hamcrest-core-1.3.jar:/home/jprakash/.m2/repository/org/apache/poi/poi/4.0.1/poi-4.0.1.jar:/home/jprakash/.m2/repository/commons-codec/commons-codec/1.11/commons-codec-1.11.jar:/home/jprakash/.m2/repository/org/apache/commons/commons-collections4/4.2/commons-collections4-4.2.jar:/home/jprakash/.m2/repository/org/apache/commons/commons-math3/3.6.1/commons-math3-3.6.1.jar:/home/jprakash/.m2/repository/org/apache/poi/poi-ooxml/4.0.1/poi-ooxml-4.0.1.jar:/home/jprakash/.m2/repository/org/apache/poi/poi-ooxml-schemas/4.0.1/poi-ooxml-schemas-4.0.1.jar:/home/jprakash/.m2/repository/org/apache/xmlbeans/xmlbeans/3.0.2/xmlbeans-3.0.2.jar:/home/jprakash/.m2/repository/org/apache/commons/commons-compress/1.18/commons-compress-1.18.jar:/home/jprakash/.m2/repository/com/github/virtuald/curvesapi/1.05/curvesapi-1.05.jar:/home/jprakash/.m2/repository/com/fasterxml/jackson/core/jackson-databind/2.13.2/jackson-databind-2.13.2.jar:/home/jprakash/.m2/repository/com/fasterxml/jackson/core/jackson-annotations/2.13.2/jackson-annotations-2.13.2.jar:/home/jprakash/.m2/repository/com/fasterxml/jackson/core/jackson-core/2.13.2/jackson-core-2.13.2.jar:"/>
    <property name="java.vm.vendor" value="Private Build"/>
    <property name="sun.arch.data.model" value="64"/>
    <property name="java.vendor.url" value="Unknown"/>
    <property name="os.name" value="Linux"/>
    <property name="java.vm.specification.version" value="17"/>
    <property name="sun.java.launcher" value="SUN_STANDARD"/>
    <property name="user.country" value="IN"/>
    <property name="sun.boot.library.path" value="/usr/lib/jvm/java-17-openjdk-amd64/lib"/>
    <property name="sun.java.command" value="/home/jprakash/eclipse-workspace/java-projects/JSON to Excel converter/JSONtoExcel/target/surefire/surefirebooter18259842563644498620.jar /home/jprakash/eclipse-workspace/java-projects/JSON to Excel converter/JSONtoExcel/target/surefire 2023-06-24T20-03-51_786-jvmRun1 surefire13093995145582142882tmp surefire_07055832440981937530tmp"/>
    <property name="jdk.debug" value="release"/>
    <property name="surefire.test.class.path" value="/home/jprakash/eclipse-workspace/java-projects/JSON to Excel converter/JSONtoExcel/target/test-classes:/home/jprakash/eclipse-workspace/java-projects/JSON to Excel converter/JSONtoExcel/target/classes:/home/jprakash/.m2/repository/junit/junit/4.11/junit-4.11.jar:/home/jprakash/.m2/repository/org/hamcrest/hamcrest-core/1.3/hamcrest-core-1.3.jar:/home/jprakash/.m2/repository/org/apache/poi/poi/4.0.1/poi-4.0.1.jar:/home/jprakash/.m2/repository/commons-codec/commons-codec/1.11/commons-codec-1.11.jar:/home/jprakash/.m2/repository/org/apache/commons/commons-collections4/4.2/commons-collections4-4.2.jar:/home/jprakash/.m2/repository/org/apache/commons/commons-math3/3.6.1/commons-math3-3.6.1.jar:/home/jprakash/.m2/repository/org/apache/poi/poi-ooxml/4.0.1/poi-ooxml-4.0.1.jar:/home/jprakash/.m2/repository/org/apache/poi/poi-ooxml-schemas/4.0.1/poi-ooxml-schemas-4.0.1.jar:/home/jprakash/.m2/repository/org/apache/xmlbeans/xmlbeans/3.0.2/xmlbeans-3.0.2.jar:/home/jprakash/.m2/repository/org/apache/commons/commons-compress/1.18/commons-compress-1.18.jar:/home/jprakash/.m2/repository/com/github/virtuald/curvesapi/1.05/curvesapi-1.05.jar:/home/jprakash/.m2/repository/com/fasterxml/jackson/core/jackson-databind/2.13.2/jackson-databind-2.13.2.jar:/home/jprakash/.m2/repository/com/fasterxml/jackson/core/jackson-annotations/2.13.2/jackson-annotations-2.13.2.jar:/home/jprakash/.m2/repository/com/fasterxml/jackson/core/jackson-core/2.13.2/jackson-core-2.13.2.jar:"/>
    <property name="sun.cpu.endian" value="little"/>
    <property name="user.home" value="/home/jprakash"/>
    <property name="user.language" value="en"/>
    <property name="java.specification.vendor" value="Oracle Corporation"/>
    <property name="java.version.date" value="2023-04-18"/>
    <property name="java.home" value="/usr/lib/jvm/java-17-openjdk-amd64"/>
    <property name="file.separator" value="/"/>
    <property name="style.color" value="always"/>
    <property name="basedir" value="/home/jprakash/eclipse-workspace/java-projects/JSON to Excel converter/JSONtoExcel"/>
    <property name="java.vm.compressedOopsMode" value="32-bit"/>
    <property name="line.separator" value="&#10;"/>
    <property name="java.vm.specification.vendor" value="Oracle Corporation"/>
    <property name="java.specification.name" value="Java Platform API Specification"/>
    <property name="surefire.real.class.path" value="/home/jprakash/eclipse-workspace/java-projects/JSON to Excel converter/JSONtoExcel/target/surefire/surefirebooter18259842563644498620.jar"/>
    <property name="sun.management.compiler" value="HotSpot 64-Bit Tiered Compilers"/>
    <property name="java.runtime.version" value="17.0.7+7-Ubuntu-0ubuntu122.04.2"/>
    <property name="user.name" value="jprakash"/>
    <property name="path.separator" value=":"/>
    <property name="os.version" value="5.19.0-45-generic"/>
    <property name="java.runtime.name" value="OpenJDK Runtime Environment"/>
    <property name="file.encoding" value="UTF-8"/>
    <property name="java.vm.name" value="OpenJDK 64-Bit Server VM"/>
    <property name="localRepository" value="/home/jprakash/.m2/repository"/>
    <property name="java.vendor.url.bug" value="Unknown"/>
    <property name="java.io.tmpdir" value="/tmp"/>
    <property name="java.version" value="17.0.7"/>
    <property name="user.dir" value="/home/jprakash/eclipse-workspace/java-projects/JSON to Excel converter/JSONtoExcel"/>
    <property name="os.arch" value="amd64"/>
    <property name="java.vm.specification.name" value="Java Virtual Machine Specification"/>
    <property name="native.encoding" value="UTF-8"/>
    <property name="java.library.path" value="/usr/java/packages/lib:/usr/lib/x86_64-linux-gnu/jni:/lib/x86_64-linux-gnu:/usr/lib/x86_64-linux-gnu:/usr/lib/jni:/lib:/usr/lib"/>
    <property name="java.vm.info" value="mixed mode, sharing"/>
    <property name="java.vendor" value="Private Build"/>
    <property name="java.vm.version" value="17.0.7+7-Ubuntu-0ubuntu122.04.2"/>
    <property name="sun.io.unicode.encoding" value="UnicodeLittle"/>
    <property name="java.class.version" value="61.0"/>
  </properties>
  <testcase name="shouldAnswerWithTrue" classname="com.jp.lnsoft.JSONtoExcel.AppTest" time="0.002"/>
</testsuite>